<?xml version="1.0" encoding="UTF-8"?>
<!-- Generated by org.testng.reporters.JUnitReportReporter -->
<testsuite skipped="0" hostname="LAPTOP-JTN9MFLK" name="TestCases.CheckValidUser" tests="1" failures="0" timestamp="2020-07-03T17:18:49 IST" time="26.351" errors="0">
  <testcase name="verifyvaliduser" time="26.351" classname="TestCases.CheckValidUser"/>
  <system-out/>
</testsuite> <!-- TestCases.CheckValidUser -->
